TN:
SF:lib\utils.js
FN:5,(anonymous_0)
FN:8,(anonymous_1)
FN:15,(anonymous_2)
FN:23,isEqual
FN:39,setPadStart
FN:43,prettyTime
FN:55,(anonymous_6)
FNF:7
FNH:5
FNDA:4,(anonymous_0)
FNDA:3,(anonymous_1)
FNDA:4,(anonymous_2)
FNDA:11,isEqual
FNDA:0,setPadStart
FNDA:0,prettyTime
FNDA:1,(anonymous_6)
DA:2,1
DA:3,1
DA:4,1
DA:5,1
DA:6,4
DA:8,1
DA:9,3
DA:10,0
DA:11,3
DA:12,3
DA:13,0
DA:14,3
DA:15,3
DA:16,4
DA:17,1
DA:18,4
DA:20,3
DA:22,1
DA:24,11
DA:25,11
DA:26,11
DA:27,2
DA:28,9
DA:29,0
DA:30,9
DA:31,9
DA:32,9
DA:33,8
DA:34,8
DA:36,9
DA:38,1
DA:40,0
DA:42,1
DA:44,0
DA:45,0
DA:46,0
DA:47,0
DA:48,0
DA:49,0
DA:50,0
DA:51,0
DA:52,0
DA:54,1
DA:55,1
DA:56,1
DA:57,1
DA:58,0
DA:60,1
LF:48
LH:34
BRDA:5,0,0,0
BRDA:9,1,0,0
BRDA:9,1,1,3
BRDA:12,2,0,0
BRDA:12,2,1,3
BRDA:16,3,0,1
BRDA:16,3,1,3
BRDA:26,4,0,2
BRDA:26,4,1,9
BRDA:28,5,0,0
BRDA:28,5,1,9
BRDA:32,6,0,8
BRDA:32,6,1,1
BRDA:39,7,0,0
BRDA:39,8,0,0
BRDA:39,9,0,0
BRDA:46,10,0,0
BRDA:46,10,1,0
BRDA:48,11,0,0
BRDA:48,11,1,0
BRDA:50,12,0,0
BRDA:50,12,1,0
BRDA:52,13,0,0
BRDA:52,13,1,0
BRDA:56,14,0,1
BRDA:56,14,1,0
BRDA:57,15,0,0
BRDA:57,15,1,1
BRDA:58,16,0,0
BRDA:58,16,1,0
BRF:30
BRH:11
end_of_record
TN:
SF:lib\time\secondsToTime.js
FN:4,secondsToTime
FNF:1
FNH:0
FNDA:0,secondsToTime
DA:2,1
DA:3,1
DA:5,0
DA:6,0
DA:7,0
DA:8,0
DA:9,0
DA:10,0
DA:11,0
DA:18,1
LF:10
LH:3
BRF:0
BRH:0
end_of_record
TN:
SF:src\utils.ts
FN:3,(anonymous_0)
FN:7,(anonymous_1)
FN:15,(anonymous_2)
FN:23,isEqual
FN:42,setPadStart
FN:46,prettyTime
FN:58,(anonymous_6)
FNF:7
FNH:5
FNDA:4,(anonymous_0)
FNDA:3,(anonymous_1)
FNDA:4,(anonymous_2)
FNDA:11,isEqual
FNDA:0,setPadStart
FNDA:0,prettyTime
FNDA:1,(anonymous_6)
DA:1,1
DA:3,1
DA:4,4
DA:7,1
DA:8,3
DA:10,3
DA:11,3
DA:13,3
DA:15,3
DA:16,4
DA:17,4
DA:20,3
DA:23,1
DA:24,11
DA:25,11
DA:27,11
DA:29,9
DA:31,9
DA:32,9
DA:34,9
DA:35,8
DA:36,8
DA:39,9
DA:42,1
DA:43,0
DA:46,1
DA:47,0
DA:49,0
DA:51,0
DA:52,0
DA:53,0
DA:55,0
DA:58,1
DA:63,1
DA:65,0
LF:35
LH:27
BRDA:3,0,0,0
BRDA:8,1,0,0
BRDA:11,2,0,0
BRDA:16,3,0,1
BRDA:27,4,0,2
BRDA:29,5,0,0
BRDA:34,6,0,8
BRDA:42,7,0,0
BRDA:42,8,0,0
BRDA:42,9,0,0
BRDA:51,10,0,0
BRDA:52,11,0,0
BRDA:53,12,0,0
BRDA:55,13,0,0
BRDA:55,13,1,0
BRDA:63,14,0,1
BRDA:63,15,0,0
BRDA:63,15,1,1
BRDA:65,16,0,0
BRDA:65,16,1,0
BRF:20
BRH:5
end_of_record
TN:
SF:src\time\secondsToTime.ts
FN:1,secondsToTime
FNF:1
FNH:0
FNDA:0,secondsToTime
DA:1,1
DA:2,0
DA:4,0
DA:6,0
DA:8,0
DA:10,0
DA:12,0
DA:14,0
LF:8
LH:1
BRF:0
BRH:0
end_of_record
